JSON parsed: dict_keys(['sample_spec', 'omni-moderation-latest', 'omni-moderation-latest-intents', 'omni-moderati
JSON parsed: dict_keys(['version', 'truncation', 'padding', 'added_tokens', 'normalizer', 'pre_tokenizer', 'post_
JSON parsed: dict_keys(['code', 'session_wide_url', 'admin_url'])
JSON parsed: dict_keys(['code', 'num_participants', 'created_at', 'label', 'config_name', 'config', 'REAL_WORLD_C
JSON parsed: dict_keys(['id', 'type', 'role', 'model', 'content', 'stop_reason', 'stop_sequence', 'usage'])
JSON parsed: dict_keys(['task', 'understood'])
JSON parsed: dict_keys(['task', 'understood'])
JSON parsed: dict_keys(['logs', 'result'])
JSON parsed: dict_keys(['value'])
JSON parsed: dict_keys(['value'])
JSON parsed: dict_keys(['value'])
JSON parsed: dict_keys(['value'])
JSON parsed: dict_keys(['value'])
JSON parsed: dict_keys(['value'])
JSON parsed: dict_keys(['value'])
JSON parsed: dict_keys(['value'])
JSON parsed: dict_keys(['value'])
JSON parsed: dict_keys(['value'])
JSON parsed: dict_keys(['value'])
JSON parsed: dict_keys(['id', 'type', 'role', 'model', 'content', 'stop_reason', 'stop_sequence', 'usage'])
JSON parsed: dict_keys(['summary', 'confused'])
JSON parsed: dict_keys(['summary', 'confused'])
JSON parsed: dict_keys(['value'])
JSON parsed: dict_keys(['value'])
JSON parsed: dict_keys(['value'])
JSON parsed: dict_keys(['value'])
JSON parsed: dict_keys(['value'])
JSON parsed: dict_keys(['value'])
JSON parsed: dict_keys(['value'])
JSON parsed: dict_keys(['value'])
JSON parsed: dict_keys(['value'])
JSON parsed: dict_keys(['value'])
JSON parsed: dict_keys(['value'])
JSON parsed: dict_keys(['value'])
JSON parsed: dict_keys(['value'])
JSON parsed: dict_keys(['value'])
JSON parsed: dict_keys(['id', 'type', 'role', 'model', 'content', 'stop_reason', 'stop_sequence', 'usage'])
JSON parsed: dict_keys(['summary', 'confused'])
JSON parsed: dict_keys(['summary', 'confused'])
JSON parsed: dict_keys(['value'])
JSON parsed: dict_keys(['value'])
JSON parsed: dict_keys(['value'])
JSON parsed: dict_keys(['value'])
JSON parsed: dict_keys(['value'])
JSON parsed: dict_keys(['value'])
JSON parsed: dict_keys(['value'])
JSON parsed: dict_keys(['value'])
JSON parsed: dict_keys(['value'])
JSON parsed: dict_keys(['value'])
JSON parsed: dict_keys(['value'])
JSON parsed: dict_keys(['value'])
JSON parsed: dict_keys(['value'])
JSON parsed: dict_keys(['value'])
JSON parsed: dict_keys(['id', 'type', 'role', 'model', 'content', 'stop_reason', 'stop_sequence', 'usage'])
JSON parsed: dict_keys([])
JSON parsed: dict_keys([])
